<?xml version="1.0" encoding="UTF-8"?>
<!-- Generated by org.testng.reporters.JUnitXMLReporter -->
<testsuite ignored="0" hostname="Sais-MBP" failures="0" tests="4" name="Test Basics 1" time="0.038" errors="0" timestamp="16 Sep 2020 23:38:07 GMT">
  <testcase classname="smokesuite.SmokeTest1" name="failedTest" time="0.001"/>
  <testcase classname="smokesuite.SmokeTest1" name="sucessTest" time="0.0"/>
  <testcase classname="smokesuite.SmokeTest2" name="failedTest" time="0.0"/>
  <testcase classname="smokesuite.SmokeTest2" name="sucessTest" time="0.001"/>
</testsuite> <!-- Test Basics 1 -->
