<?xml version="1.0" encoding="UTF-8"?>
<testng-results ignored="0" total="4" passed="4" failed="0" skipped="0">
  <reporter-output>
  </reporter-output>
  <suite started-at="2020-09-16T23:38:07Z" name="Practice Suite" finished-at="2020-09-16T23:38:07Z" duration-ms="38">
    <groups>
      <group name="success">
        <method signature="SmokeTest1.sucessTest()[pri:0, instance:smokesuite.SmokeTest1@6a396c1e]" name="sucessTest" class="smokesuite.SmokeTest1"/>
        <method signature="SmokeTest2.sucessTest()[pri:0, instance:smokesuite.SmokeTest2@6c3f5566]" name="sucessTest" class="smokesuite.SmokeTest2"/>
      </group> <!-- success -->
      <group name="failed">
        <method signature="SmokeTest1.failedTest()[pri:0, instance:smokesuite.SmokeTest1@6a396c1e]" name="failedTest" class="smokesuite.SmokeTest1"/>
        <method signature="SmokeTest2.failedTest()[pri:0, instance:smokesuite.SmokeTest2@6c3f5566]" name="failedTest" class="smokesuite.SmokeTest2"/>
      </group> <!-- failed -->
    </groups>
    <test started-at="2020-09-16T23:38:07Z" name="Test Basics 1" finished-at="2020-09-16T23:38:07Z" duration-ms="38">
      <class name="smokesuite.SmokeTest1">
        <test-method is-config="true" signature="beforeClass()[pri:0, instance:smokesuite.SmokeTest1@6a396c1e]" started-at="2020-09-16T23:38:07Z" name="beforeClass" finished-at="2020-09-16T23:38:07Z" duration-ms="10" status="PASS">
          <reporter-output>
          </reporter-output>
        </test-method> <!-- beforeClass -->
        <test-method signature="failedTest()[pri:0, instance:smokesuite.SmokeTest1@6a396c1e]" started-at="2020-09-16T23:38:07Z" name="failedTest" finished-at="2020-09-16T23:38:07Z" duration-ms="1" status="PASS">
          <reporter-output>
          </reporter-output>
        </test-method> <!-- failedTest -->
        <test-method is-config="true" signature="beforeMethod()[pri:0, instance:smokesuite.SmokeTest1@6a396c1e]" started-at="2020-09-16T23:38:07Z" name="beforeMethod" finished-at="2020-09-16T23:38:07Z" duration-ms="0" status="PASS">
          <reporter-output>
          </reporter-output>
        </test-method> <!-- beforeMethod -->
        <test-method is-config="true" signature="beforeMethod()[pri:0, instance:smokesuite.SmokeTest1@6a396c1e]" started-at="2020-09-16T23:38:07Z" name="beforeMethod" finished-at="2020-09-16T23:38:07Z" duration-ms="1" status="PASS">
          <reporter-output>
          </reporter-output>
        </test-method> <!-- beforeMethod -->
        <test-method signature="sucessTest()[pri:0, instance:smokesuite.SmokeTest1@6a396c1e]" started-at="2020-09-16T23:38:07Z" name="sucessTest" finished-at="2020-09-16T23:38:07Z" duration-ms="0" status="PASS">
          <reporter-output>
          </reporter-output>
        </test-method> <!-- sucessTest -->
        <test-method is-config="true" signature="afterClass()[pri:0, instance:smokesuite.SmokeTest1@6a396c1e]" started-at="2020-09-16T23:38:07Z" name="afterClass" finished-at="2020-09-16T23:38:07Z" duration-ms="0" status="PASS">
          <reporter-output>
          </reporter-output>
        </test-method> <!-- afterClass -->
      </class> <!-- smokesuite.SmokeTest1 -->
      <class name="smokesuite.SmokeTest2">
        <test-method is-config="true" signature="beforeClass()[pri:0, instance:smokesuite.SmokeTest2@6c3f5566]" started-at="2020-09-16T23:38:07Z" name="beforeClass" finished-at="2020-09-16T23:38:07Z" duration-ms="1" status="PASS">
          <reporter-output>
          </reporter-output>
        </test-method> <!-- beforeClass -->
        <test-method is-config="true" signature="beforeMethod()[pri:0, instance:smokesuite.SmokeTest2@6c3f5566]" started-at="2020-09-16T23:38:07Z" name="beforeMethod" finished-at="2020-09-16T23:38:07Z" duration-ms="1" status="PASS">
          <reporter-output>
          </reporter-output>
        </test-method> <!-- beforeMethod -->
        <test-method signature="failedTest()[pri:0, instance:smokesuite.SmokeTest2@6c3f5566]" started-at="2020-09-16T23:38:07Z" name="failedTest" finished-at="2020-09-16T23:38:07Z" duration-ms="0" status="PASS">
          <reporter-output>
          </reporter-output>
        </test-method> <!-- failedTest -->
        <test-method is-config="true" signature="beforeMethod()[pri:0, instance:smokesuite.SmokeTest2@6c3f5566]" started-at="2020-09-16T23:38:07Z" name="beforeMethod" finished-at="2020-09-16T23:38:07Z" duration-ms="0" status="PASS">
          <reporter-output>
          </reporter-output>
        </test-method> <!-- beforeMethod -->
        <test-method signature="sucessTest()[pri:0, instance:smokesuite.SmokeTest2@6c3f5566]" started-at="2020-09-16T23:38:07Z" name="sucessTest" finished-at="2020-09-16T23:38:07Z" duration-ms="1" status="PASS">
          <reporter-output>
          </reporter-output>
        </test-method> <!-- sucessTest -->
        <test-method is-config="true" signature="afterClass()[pri:0, instance:smokesuite.SmokeTest2@6c3f5566]" started-at="2020-09-16T23:38:07Z" name="afterClass" finished-at="2020-09-16T23:38:07Z" duration-ms="0" status="PASS">
          <reporter-output>
          </reporter-output>
        </test-method> <!-- afterClass -->
      </class> <!-- smokesuite.SmokeTest2 -->
    </test> <!-- Test Basics 1 -->
  </suite> <!-- Practice Suite -->
</testng-results>
