<?xml version="1.0" encoding="UTF-8"?>
<testng-results ignored="2" total="4" passed="2" failed="0" skipped="0">
  <reporter-output>
  </reporter-output>
  <suite started-at="2020-09-16T21:00:03Z" name="Practice Suite" finished-at="2020-09-16T21:00:03Z" duration-ms="38">
    <groups>
      <group name="success">
        <method signature="RegressionTest1.sucessTest()[pri:0, instance:regressiontestsuite.RegressionTest1@657c8ad9]" name="sucessTest" class="regressiontestsuite.RegressionTest1"/>
        <method signature="RegressionTest2.successTest()[pri:0, instance:regressiontestsuite.RegressionTest2@436a4e4b]" name="successTest" class="regressiontestsuite.RegressionTest2"/>
      </group> <!-- success -->
    </groups>
    <test started-at="2020-09-16T21:00:03Z" name="Test Basics 1" finished-at="2020-09-16T21:00:03Z" duration-ms="38">
      <class name="regressiontestsuite.RegressionTest1">
        <test-method signature="sucessTest()[pri:0, instance:regressiontestsuite.RegressionTest1@657c8ad9]" started-at="2020-09-16T21:00:03Z" name="sucessTest" finished-at="2020-09-16T21:00:03Z" duration-ms="10" status="PASS">
          <reporter-output>
          </reporter-output>
        </test-method> <!-- sucessTest -->
      </class> <!-- regressiontestsuite.RegressionTest1 -->
      <class name="regressiontestsuite.RegressionTest2">
        <test-method signature="successTest()[pri:0, instance:regressiontestsuite.RegressionTest2@436a4e4b]" started-at="2020-09-16T21:00:03Z" name="successTest" finished-at="2020-09-16T21:00:03Z" duration-ms="2" status="PASS">
          <reporter-output>
          </reporter-output>
        </test-method> <!-- successTest -->
      </class> <!-- regressiontestsuite.RegressionTest2 -->
    </test> <!-- Test Basics 1 -->
  </suite> <!-- Practice Suite -->
</testng-results>
