<?xml version="1.0" encoding="UTF-8"?>
<testng-results ignored="0" total="4" passed="4" failed="0" skipped="0">
  <reporter-output>
  </reporter-output>
  <suite started-at="2020-09-16T21:25:13Z" name="Practice Suite" finished-at="2020-09-16T21:25:13Z" duration-ms="47">
    <groups>
      <group name="success">
        <method signature="RegressionTest1.sucessTest()[pri:0, instance:regressiontestsuite.RegressionTest1@475e586c]" name="sucessTest" class="regressiontestsuite.RegressionTest1"/>
        <method signature="RegressionTest2.successTest()[pri:0, instance:regressiontestsuite.RegressionTest2@657c8ad9]" name="successTest" class="regressiontestsuite.RegressionTest2"/>
      </group> <!-- success -->
      <group name="failed">
        <method signature="RegressionTest1.failedTest()[pri:0, instance:regressiontestsuite.RegressionTest1@475e586c]" name="failedTest" class="regressiontestsuite.RegressionTest1"/>
        <method signature="RegressionTest2.failedTest()[pri:0, instance:regressiontestsuite.RegressionTest2@657c8ad9]" name="failedTest" class="regressiontestsuite.RegressionTest2"/>
      </group> <!-- failed -->
    </groups>
    <test started-at="2020-09-16T21:25:13Z" name="Test Basics 1" finished-at="2020-09-16T21:25:13Z" duration-ms="47">
      <class name="regressiontestsuite.RegressionTest1">
        <test-method is-config="true" signature="beforeClass()[pri:0, instance:regressiontestsuite.RegressionTest1@475e586c]" started-at="2020-09-16T21:25:13Z" name="beforeClass" finished-at="2020-09-16T21:25:13Z" duration-ms="11" status="PASS">
          <reporter-output>
          </reporter-output>
        </test-method> <!-- beforeClass -->
        <test-method signature="failedTest()[pri:0, instance:regressiontestsuite.RegressionTest1@475e586c]" started-at="2020-09-16T21:25:13Z" name="failedTest" finished-at="2020-09-16T21:25:13Z" duration-ms="6" status="PASS">
          <reporter-output>
          </reporter-output>
        </test-method> <!-- failedTest -->
        <test-method is-config="true" signature="beforeMethod()[pri:0, instance:regressiontestsuite.RegressionTest1@475e586c]" started-at="2020-09-16T21:25:13Z" name="beforeMethod" finished-at="2020-09-16T21:25:13Z" duration-ms="0" status="PASS">
          <reporter-output>
          </reporter-output>
        </test-method> <!-- beforeMethod -->
        <test-method is-config="true" signature="beforeMethod()[pri:0, instance:regressiontestsuite.RegressionTest1@475e586c]" started-at="2020-09-16T21:25:13Z" name="beforeMethod" finished-at="2020-09-16T21:25:13Z" duration-ms="1" status="PASS">
          <reporter-output>
          </reporter-output>
        </test-method> <!-- beforeMethod -->
        <test-method signature="sucessTest()[pri:0, instance:regressiontestsuite.RegressionTest1@475e586c]" started-at="2020-09-16T21:25:13Z" name="sucessTest" finished-at="2020-09-16T21:25:13Z" duration-ms="1" status="PASS">
          <reporter-output>
          </reporter-output>
        </test-method> <!-- sucessTest -->
        <test-method is-config="true" signature="afterClass()[pri:0, instance:regressiontestsuite.RegressionTest1@475e586c]" started-at="2020-09-16T21:25:13Z" name="afterClass" finished-at="2020-09-16T21:25:13Z" duration-ms="0" status="PASS">
          <reporter-output>
          </reporter-output>
        </test-method> <!-- afterClass -->
      </class> <!-- regressiontestsuite.RegressionTest1 -->
      <class name="regressiontestsuite.RegressionTest2">
        <test-method is-config="true" signature="beforeClass()[pri:0, instance:regressiontestsuite.RegressionTest2@657c8ad9]" started-at="2020-09-16T21:25:13Z" name="beforeClass" finished-at="2020-09-16T21:25:13Z" duration-ms="1" status="PASS">
          <reporter-output>
          </reporter-output>
        </test-method> <!-- beforeClass -->
        <test-method signature="failedTest()[pri:0, instance:regressiontestsuite.RegressionTest2@657c8ad9]" started-at="2020-09-16T21:25:13Z" name="failedTest" finished-at="2020-09-16T21:25:13Z" duration-ms="2" status="PASS">
          <reporter-output>
          </reporter-output>
        </test-method> <!-- failedTest -->
        <test-method is-config="true" signature="beforeMethod()[pri:0, instance:regressiontestsuite.RegressionTest2@657c8ad9]" started-at="2020-09-16T21:25:13Z" name="beforeMethod" finished-at="2020-09-16T21:25:13Z" duration-ms="0" status="PASS">
          <reporter-output>
          </reporter-output>
        </test-method> <!-- beforeMethod -->
        <test-method is-config="true" signature="beforeMethod()[pri:0, instance:regressiontestsuite.RegressionTest2@657c8ad9]" started-at="2020-09-16T21:25:13Z" name="beforeMethod" finished-at="2020-09-16T21:25:13Z" duration-ms="1" status="PASS">
          <reporter-output>
          </reporter-output>
        </test-method> <!-- beforeMethod -->
        <test-method signature="successTest()[pri:0, instance:regressiontestsuite.RegressionTest2@657c8ad9]" started-at="2020-09-16T21:25:13Z" name="successTest" finished-at="2020-09-16T21:25:13Z" duration-ms="1" status="PASS">
          <reporter-output>
          </reporter-output>
        </test-method> <!-- successTest -->
        <test-method is-config="true" signature="afterClass()[pri:0, instance:regressiontestsuite.RegressionTest2@657c8ad9]" started-at="2020-09-16T21:25:13Z" name="afterClass" finished-at="2020-09-16T21:25:13Z" duration-ms="0" status="PASS">
          <reporter-output>
          </reporter-output>
        </test-method> <!-- afterClass -->
      </class> <!-- regressiontestsuite.RegressionTest2 -->
    </test> <!-- Test Basics 1 -->
  </suite> <!-- Practice Suite -->
</testng-results>
