<?xml version="1.0" encoding="UTF-8"?>
<!-- Generated by org.testng.reporters.JUnitXMLReporter -->
<testsuite ignored="0" hostname="Sais-MBP" failures="0" tests="4" name="Test Basics 1" time="0.047" errors="0" timestamp="16 Sep 2020 21:20:25 GMT">
  <testcase classname="regressiontestsuite.RegressionTest1" name="failedTest" time="0.005"/>
  <testcase classname="regressiontestsuite.RegressionTest1" name="sucessTest" time="0.002"/>
  <testcase classname="regressiontestsuite.RegressionTest2" name="failedTest" time="0.001"/>
  <testcase classname="regressiontestsuite.RegressionTest2" name="successTest" time="0.001"/>
</testsuite> <!-- Test Basics 1 -->
