<?xml version="1.0" encoding="UTF-8"?>
<!-- Generated by org.testng.reporters.JUnitXMLReporter -->
<testsuite ignored="2" hostname="Sais-MBP" failures="0" tests="2" name="Test Basics 1" time="0.038" errors="0" timestamp="16 Sep 2020 21:00:03 GMT">
  <testcase classname="regressiontestsuite.RegressionTest1" name="sucessTest" time="0.01"/>
  <testcase classname="regressiontestsuite.RegressionTest2" name="successTest" time="0.002"/>
  <testcase classname="regressiontestsuite.RegressionTest2" name="failedTest" time="0.0">
    <ignored/>
  </testcase> <!-- failedTest -->
  <testcase classname="regressiontestsuite.RegressionTest1" name="failedTest" time="0.0">
    <ignored/>
  </testcase> <!-- failedTest -->
</testsuite> <!-- Test Basics 1 -->
